<?xml version="1.0" encoding="utf-8" ?>
<!DOCTYPE html PUBLIC "-//W3C//DTD XHTML 1.0 Strict//EN"
        "http://www.w3.org/TR/xhtml1/DTD/xhtml1-strict.dtd">
<html xmlns="http://www.w3.org/1999/xhtml" xml:lang="" lang="">
<head>
  <title>Test Results Report - End To End Test</title>
  <meta http-equiv="Content-Type" content="text/html;charset=utf-8" />
  <meta name="description" content="TestNG unit test results." />
  <link href="reportng.css" rel="stylesheet" type="text/css" />
    <script type="text/javascript" src="reportng.js"></script>
</head>
<body>
<h1>End To End Test</h1>
<p>
  Test duration: 106.181s
</p>



  <table class="resultsTable">
    <tr><th colspan="3" class="header failed">Failed Tests</th></tr>
          <tr>
        <td colspan="3" class="group">com.demo.nopcommerce.testsuite.EndToEndTest</td>
      </tr>
            
<tr>
  <td class="method">
                  varifyUserShouldRegisterSuccessfully
      </td>
  <td class="duration">
    42.237s
  </td>
  <td class="result">
        
    
            <div class="testOutput">
                        Clicking on register link : [[ChromeDriver: chrome on WINDOWS (6719d1e29b815bcd3ed2e546fd6b581a)] -> xpath: //a[@class='ico-register']]<br>
                                 Click to tick Gender Male [[ChromeDriver: chrome on WINDOWS (6719d1e29b815bcd3ed2e546fd6b581a)] -> xpath: //input[@id='gender-male']]<br>
                                Enter first Name: Jitu to first name field [[ChromeDriver: chrome on WINDOWS (6719d1e29b815bcd3ed2e546fd6b581a)] -> xpath: //input[@id='FirstName']]<br>
                                Enter last name Patel to last name field[[ChromeDriver: chrome on WINDOWS (6719d1e29b815bcd3ed2e546fd6b581a)] -> xpath: //input[@id='LastName']]<br>
                                Enter date 1 to date field [[ChromeDriver: chrome on WINDOWS (6719d1e29b815bcd3ed2e546fd6b581a)] -> xpath: //select[@name='DateOfBirthDay']]<br>
                                 Enter monthJanuary to month field [[ChromeDriver: chrome on WINDOWS (6719d1e29b815bcd3ed2e546fd6b581a)] -> xpath: //select[@name='DateOfBirthMonth']]<br>
                                 Enter year 2000 to year field [[ChromeDriver: chrome on WINDOWS (6719d1e29b815bcd3ed2e546fd6b581a)] -> xpath: //select[@name='DateOfBirthYear']]<br>
                                Enter email testPEZQZ@gmail.com to email field [[ChromeDriver: chrome on WINDOWS (6719d1e29b815bcd3ed2e546fd6b581a)] -> id: Email]<br>
                                Enter company name Prime to company's name field [[ChromeDriver: chrome on WINDOWS (6719d1e29b815bcd3ed2e546fd6b581a)] -> xpath: //input[@name='Company']]<br>
                                 Enter password Abc@123 to password field [[ChromeDriver: chrome on WINDOWS (6719d1e29b815bcd3ed2e546fd6b581a)] -> xpath: //input[@name='Password']]<br>
                                 Enter confirm password Abc@123 to confirm password field [[ChromeDriver: chrome on WINDOWS (6719d1e29b815bcd3ed2e546fd6b581a)] -> xpath: //input[@name='ConfirmPassword']]<br>
                                 Click on register button [[ChromeDriver: chrome on WINDOWS (6719d1e29b815bcd3ed2e546fd6b581a)] -> xpath: //input[@name='register-button']]<br>
                                Verify register Text: Your registration completed displayed on register page Proxy element for: DefaultElementLocator 'By.xpath: //div[@class='page-body']//div[text()='Your registration completed']'<br>
                                Click to see screenshot
                                <a target = "_blank" href=C:\Users\bjrpa\Google Drive\Intellij project\nopcommerce-page-factory-project/test-output/html/varifyUserShouldRegisterSuccessfullyMon_Apr_20_20_07_01_BST_2020.jpg>Screenshot</a>
                                <br>
                                <br>
                                <a target = "_blank" href=C:\Users\bjrpa\Google Drive\Intellij project\nopcommerce-page-factory-project/test-output/html/varifyUserShouldRegisterSuccessfullyMon_Apr_20_20_07_01_BST_2020.jpg><img src=C:\Users\bjrpa\Google Drive\Intellij project\nopcommerce-page-factory-project/test-output/html/varifyUserShouldRegisterSuccessfullyMon_Apr_20_20_07_01_BST_2020.jpg height=200 width=200></img></a>
                  </div>
    

        <a href="javascript:toggleElement('exception-0', 'block')" title="Click to expand/collapse"><b>org.openqa.selenium.NoSuchElementException: no such element: Unable to locate element: {&quot;method&quot;:&quot;xpath&quot;,&quot;selector&quot;:&quot;//div[@class=&apos;page-body&apos;]//div[text()=&apos;Your registration completed&apos;]&quot;}<br/>
&nbsp; (Session info: chrome=80.0.3987.163)<br/>
For documentation on this error, please visit: https://www.seleniumhq.org/exceptions/no_such_element.html<br/>
Build info: version: &apos;3.141.59&apos;, revision: &apos;e82be7d358&apos;, time: &apos;2018-11-14T08:17:03&apos;<br/>
System info: host: &apos;DESKTOP-N48795B&apos;, ip: &apos;192.168.0.19&apos;, os.name: &apos;Windows 10&apos;, os.arch: &apos;amd64&apos;, os.version: &apos;10.0&apos;, java.version: &apos;1.8.0_121&apos;<br/>
Driver info: org.openqa.selenium.chrome.ChromeDriver<br/>
Capabilities {acceptInsecureCerts: false, browserName: chrome, browserVersion: 80.0.3987.163, chrome: {chromedriverVersion: 80.0.3987.106 (f68069574609..., userDataDir: C:\Users\bjrpa\AppData\Loca...}, goog:chromeOptions: {debuggerAddress: localhost:53455}, javascriptEnabled: true, networkConnectionEnabled: false, pageLoadStrategy: normal, platform: WINDOWS, platformName: WINDOWS, proxy: Proxy(), setWindowRect: true, strictFileInteractability: false, timeouts: {implicit: 0, pageLoad: 300000, script: 30000}, unhandledPromptBehavior: dismiss and notify}<br/>
Session ID: 6719d1e29b815bcd3ed2e546fd6b581a<br/>
*** Element info: {Using=xpath, value=//div[@class=&apos;page-body&apos;]//div[text()=&apos;Your registration completed&apos;]}</b></a><br />
    <div class="stackTrace" id="exception-0">
              sun.reflect.NativeConstructorAccessorImpl.newInstance0(Native Method)<br />
              sun.reflect.NativeConstructorAccessorImpl.newInstance(NativeConstructorAccessorImpl.java:62)<br />
              sun.reflect.DelegatingConstructorAccessorImpl.newInstance(DelegatingConstructorAccessorImpl.java:45)<br />
              java.lang.reflect.Constructor.newInstance(Constructor.java:423)<br />
              org.openqa.selenium.remote.http.W3CHttpResponseCodec.createException(W3CHttpResponseCodec.java:187)<br />
              org.openqa.selenium.remote.http.W3CHttpResponseCodec.decode(W3CHttpResponseCodec.java:122)<br />
              org.openqa.selenium.remote.http.W3CHttpResponseCodec.decode(W3CHttpResponseCodec.java:49)<br />
              org.openqa.selenium.remote.HttpCommandExecutor.execute(HttpCommandExecutor.java:158)<br />
              org.openqa.selenium.remote.service.DriverCommandExecutor.execute(DriverCommandExecutor.java:83)<br />
              org.openqa.selenium.remote.RemoteWebDriver.execute(RemoteWebDriver.java:552)<br />
              org.openqa.selenium.remote.RemoteWebDriver.findElement(RemoteWebDriver.java:323)<br />
              org.openqa.selenium.remote.RemoteWebDriver.findElementByXPath(RemoteWebDriver.java:428)<br />
              org.openqa.selenium.By$ByXPath.findElement(By.java:353)<br />
              org.openqa.selenium.remote.RemoteWebDriver.findElement(RemoteWebDriver.java:315)<br />
              org.openqa.selenium.support.pagefactory.DefaultElementLocator.findElement(DefaultElementLocator.java:69)<br />
              org.openqa.selenium.support.pagefactory.internal.LocatingElementHandler.invoke(LocatingElementHandler.java:38)<br />
              com.sun.proxy.$Proxy9.getText(Unknown Source)<br />
              com.demo.nopcommerce.utility.Utility.getTextFromElement(Utility.java:75)<br />
              com.demo.nopcommerce.utility.Utility.verifyText(Utility.java:56)<br />
              com.demo.nopcommerce.pages.RegisterPage.assertRegisterCompletedText(RegisterPage.java:147)<br />
              com.demo.nopcommerce.testsuite.EndToEndTest.varifyUserShouldRegisterSuccessfully(EndToEndTest.java:55)<br />
              sun.reflect.NativeMethodAccessorImpl.invoke0(Native Method)<br />
              sun.reflect.NativeMethodAccessorImpl.invoke(NativeMethodAccessorImpl.java:62)<br />
              sun.reflect.DelegatingMethodAccessorImpl.invoke(DelegatingMethodAccessorImpl.java:43)<br />
              java.lang.reflect.Method.invoke(Method.java:498)<br />
              org.testng.internal.MethodInvocationHelper.invokeMethod(MethodInvocationHelper.java:124)<br />
              org.testng.internal.Invoker.invokeMethod(Invoker.java:583)<br />
              org.testng.internal.Invoker.invokeTestMethod(Invoker.java:719)<br />
              org.testng.internal.Invoker.invokeTestMethods(Invoker.java:989)<br />
              org.testng.internal.TestMethodWorker.invokeTestMethods(TestMethodWorker.java:125)<br />
              org.testng.internal.TestMethodWorker.run(TestMethodWorker.java:109)<br />
              org.testng.TestRunner.privateRun(TestRunner.java:648)<br />
              org.testng.TestRunner.run(TestRunner.java:505)<br />
              org.testng.SuiteRunner.runTest(SuiteRunner.java:455)<br />
              org.testng.SuiteRunner.runSequentially(SuiteRunner.java:450)<br />
              org.testng.SuiteRunner.privateRun(SuiteRunner.java:415)<br />
              org.testng.SuiteRunner.run(SuiteRunner.java:364)<br />
              org.testng.SuiteRunnerWorker.runSuite(SuiteRunnerWorker.java:52)<br />
              org.testng.SuiteRunnerWorker.run(SuiteRunnerWorker.java:84)<br />
              org.testng.TestNG.runSuitesSequentially(TestNG.java:1208)<br />
              org.testng.TestNG.runSuitesLocally(TestNG.java:1137)<br />
              org.testng.TestNG.runSuites(TestNG.java:1049)<br />
              org.testng.TestNG.run(TestNG.java:1017)<br />
              com.intellij.rt.testng.IDEARemoteTestNG.run(IDEARemoteTestNG.java:66)<br />
              com.intellij.rt.testng.RemoteTestNGStarter.main(RemoteTestNGStarter.java:110)<br />
                </div>
      </td>
</tr>
<tr>
  <td class="method">
                  verifyUserShouldLoginSuccessfully
      </td>
  <td class="duration">
    41.535s
  </td>
  <td class="result">
        
    
            <div class="testOutput">
                        Clicking on login link : [[ChromeDriver: chrome on WINDOWS (32965c85e7a506727aa0110c709222ce)] -> link text: Log in]<br>
                                Enter email : testPEZQZ@gmail.com to email field [[ChromeDriver: chrome on WINDOWS (32965c85e7a506727aa0110c709222ce)] -> id: Email]<br>
                                Enter password: Abc@123to password field[[ChromeDriver: chrome on WINDOWS (32965c85e7a506727aa0110c709222ce)] -> id: Password]<br>
                                Click on login button[[ChromeDriver: chrome on WINDOWS (32965c85e7a506727aa0110c709222ce)] -> xpath: //input[@class='button-1 login-button']]<br>
                                Verify welcome store text: Welcome to our store displayed on welcome store page Proxy element for: DefaultElementLocator 'By.xpath: //div[@class='topic-block-title']//h2[text()='Welcome to our store']'<br>
                                Click to see screenshot
                                <a target = "_blank" href=C:\Users\bjrpa\Google Drive\Intellij project\nopcommerce-page-factory-project/test-output/html/verifyUserShouldLoginSuccessfullyMon_Apr_20_20_07_55_BST_2020.jpg>Screenshot</a>
                                <br>
                                <br>
                                <a target = "_blank" href=C:\Users\bjrpa\Google Drive\Intellij project\nopcommerce-page-factory-project/test-output/html/verifyUserShouldLoginSuccessfullyMon_Apr_20_20_07_55_BST_2020.jpg><img src=C:\Users\bjrpa\Google Drive\Intellij project\nopcommerce-page-factory-project/test-output/html/verifyUserShouldLoginSuccessfullyMon_Apr_20_20_07_55_BST_2020.jpg height=200 width=200></img></a>
                  </div>
    

        <a href="javascript:toggleElement('exception-1', 'block')" title="Click to expand/collapse"><b>org.openqa.selenium.NoSuchElementException: no such element: Unable to locate element: {&quot;method&quot;:&quot;xpath&quot;,&quot;selector&quot;:&quot;//div[@class=&apos;topic-block-title&apos;]//h2[text()=&apos;Welcome to our store&apos;]&quot;}<br/>
&nbsp; (Session info: chrome=80.0.3987.163)<br/>
For documentation on this error, please visit: https://www.seleniumhq.org/exceptions/no_such_element.html<br/>
Build info: version: &apos;3.141.59&apos;, revision: &apos;e82be7d358&apos;, time: &apos;2018-11-14T08:17:03&apos;<br/>
System info: host: &apos;DESKTOP-N48795B&apos;, ip: &apos;192.168.0.19&apos;, os.name: &apos;Windows 10&apos;, os.arch: &apos;amd64&apos;, os.version: &apos;10.0&apos;, java.version: &apos;1.8.0_121&apos;<br/>
Driver info: org.openqa.selenium.chrome.ChromeDriver<br/>
Capabilities {acceptInsecureCerts: false, browserName: chrome, browserVersion: 80.0.3987.163, chrome: {chromedriverVersion: 80.0.3987.106 (f68069574609..., userDataDir: C:\Users\bjrpa\AppData\Loca...}, goog:chromeOptions: {debuggerAddress: localhost:53512}, javascriptEnabled: true, networkConnectionEnabled: false, pageLoadStrategy: normal, platform: WINDOWS, platformName: WINDOWS, proxy: Proxy(), setWindowRect: true, strictFileInteractability: false, timeouts: {implicit: 0, pageLoad: 300000, script: 30000}, unhandledPromptBehavior: dismiss and notify}<br/>
Session ID: 32965c85e7a506727aa0110c709222ce<br/>
*** Element info: {Using=xpath, value=//div[@class=&apos;topic-block-title&apos;]//h2[text()=&apos;Welcome to our store&apos;]}</b></a><br />
    <div class="stackTrace" id="exception-1">
              sun.reflect.NativeConstructorAccessorImpl.newInstance0(Native Method)<br />
              sun.reflect.NativeConstructorAccessorImpl.newInstance(NativeConstructorAccessorImpl.java:62)<br />
              sun.reflect.DelegatingConstructorAccessorImpl.newInstance(DelegatingConstructorAccessorImpl.java:45)<br />
              java.lang.reflect.Constructor.newInstance(Constructor.java:423)<br />
              org.openqa.selenium.remote.http.W3CHttpResponseCodec.createException(W3CHttpResponseCodec.java:187)<br />
              org.openqa.selenium.remote.http.W3CHttpResponseCodec.decode(W3CHttpResponseCodec.java:122)<br />
              org.openqa.selenium.remote.http.W3CHttpResponseCodec.decode(W3CHttpResponseCodec.java:49)<br />
              org.openqa.selenium.remote.HttpCommandExecutor.execute(HttpCommandExecutor.java:158)<br />
              org.openqa.selenium.remote.service.DriverCommandExecutor.execute(DriverCommandExecutor.java:83)<br />
              org.openqa.selenium.remote.RemoteWebDriver.execute(RemoteWebDriver.java:552)<br />
              org.openqa.selenium.remote.RemoteWebDriver.findElement(RemoteWebDriver.java:323)<br />
              org.openqa.selenium.remote.RemoteWebDriver.findElementByXPath(RemoteWebDriver.java:428)<br />
              org.openqa.selenium.By$ByXPath.findElement(By.java:353)<br />
              org.openqa.selenium.remote.RemoteWebDriver.findElement(RemoteWebDriver.java:315)<br />
              org.openqa.selenium.support.pagefactory.DefaultElementLocator.findElement(DefaultElementLocator.java:69)<br />
              org.openqa.selenium.support.pagefactory.internal.LocatingElementHandler.invoke(LocatingElementHandler.java:38)<br />
              com.sun.proxy.$Proxy9.getText(Unknown Source)<br />
              com.demo.nopcommerce.utility.Utility.getTextFromElement(Utility.java:75)<br />
              com.demo.nopcommerce.utility.Utility.verifyText(Utility.java:56)<br />
              com.demo.nopcommerce.pages.LoginPage.assertgetWelcomeStoreText(LoginPage.java:65)<br />
              com.demo.nopcommerce.testsuite.EndToEndTest.verifyUserShouldLoginSuccessfully(EndToEndTest.java:69)<br />
              sun.reflect.NativeMethodAccessorImpl.invoke0(Native Method)<br />
              sun.reflect.NativeMethodAccessorImpl.invoke(NativeMethodAccessorImpl.java:62)<br />
              sun.reflect.DelegatingMethodAccessorImpl.invoke(DelegatingMethodAccessorImpl.java:43)<br />
              java.lang.reflect.Method.invoke(Method.java:498)<br />
              org.testng.internal.MethodInvocationHelper.invokeMethod(MethodInvocationHelper.java:124)<br />
              org.testng.internal.Invoker.invokeMethod(Invoker.java:583)<br />
              org.testng.internal.Invoker.invokeTestMethod(Invoker.java:719)<br />
              org.testng.internal.Invoker.invokeTestMethods(Invoker.java:989)<br />
              org.testng.internal.TestMethodWorker.invokeTestMethods(TestMethodWorker.java:125)<br />
              org.testng.internal.TestMethodWorker.run(TestMethodWorker.java:109)<br />
              org.testng.TestRunner.privateRun(TestRunner.java:648)<br />
              org.testng.TestRunner.run(TestRunner.java:505)<br />
              org.testng.SuiteRunner.runTest(SuiteRunner.java:455)<br />
              org.testng.SuiteRunner.runSequentially(SuiteRunner.java:450)<br />
              org.testng.SuiteRunner.privateRun(SuiteRunner.java:415)<br />
              org.testng.SuiteRunner.run(SuiteRunner.java:364)<br />
              org.testng.SuiteRunnerWorker.runSuite(SuiteRunnerWorker.java:52)<br />
              org.testng.SuiteRunnerWorker.run(SuiteRunnerWorker.java:84)<br />
              org.testng.TestNG.runSuitesSequentially(TestNG.java:1208)<br />
              org.testng.TestNG.runSuitesLocally(TestNG.java:1137)<br />
              org.testng.TestNG.runSuites(TestNG.java:1049)<br />
              org.testng.TestNG.run(TestNG.java:1017)<br />
              com.intellij.rt.testng.IDEARemoteTestNG.run(IDEARemoteTestNG.java:66)<br />
              com.intellij.rt.testng.RemoteTestNGStarter.main(RemoteTestNGStarter.java:110)<br />
                </div>
      </td>
</tr>
      </table>


  
</body>
</html>
